<?xml version="1.0" encoding="UTF-8"?>
<!-- Generated by org.testng.reporters.JUnitReportReporter -->
<testsuite skipped="0" hostname="DDC2-D-42S6N62" name="pack1.rightclick" tests="1" failures="0" timestamp="18 Jul 2019 11:33:19 GMT" time="10.040" errors="0">
  <testcase name="f" time="10.040" classname="pack1.rightclick"/>
</testsuite> <!-- pack1.rightclick -->
