<?xml version="1.0" encoding="UTF-8"?>
<!-- Generated by org.testng.reporters.JUnitReportReporter -->
<testsuite skipped="0" hostname="DDC2-D-42S6N62" name="pack1.hdfcbank" tests="1" failures="0" timestamp="18 Jul 2019 07:49:18 GMT" time="19.097" errors="0">
  <testcase name="f" time="19.097" classname="pack1.hdfcbank"/>
</testsuite> <!-- pack1.hdfcbank -->
