<?xml version="1.0" encoding="UTF-8"?>
<!-- Generated by org.testng.reporters.JUnitReportReporter -->
<testsuite skipped="0" hostname="DDC2-D-42S6N62" name="pack1.KEYBOARDactions" tests="1" failures="0" timestamp="19 Jul 2019 04:44:49 GMT" time="14.924" errors="0">
  <testcase name="f" time="14.924" classname="pack1.KEYBOARDactions"/>
</testsuite> <!-- pack1.KEYBOARDactions -->
