<?xml version="1.0" encoding="UTF-8"?>
<!-- Generated by org.testng.reporters.JUnitReportReporter -->
<testsuite skipped="0" hostname="DDC2-D-42S6N62" name="pack1.keyboarddemo" tests="1" failures="0" timestamp="19 Jul 2019 07:27:58 GMT" time="16.671" errors="0">
  <testcase name="f" time="16.671" classname="pack1.keyboarddemo"/>
</testsuite> <!-- pack1.keyboarddemo -->
