<?xml version="1.0" encoding="UTF-8"?>
<!-- Generated by org.testng.reporters.JUnitReportReporter -->
<testsuite skipped="0" hostname="DDC2-D-42S6N62" name="pack1.TESTMEAPP" tests="4" failures="0" timestamp="18 Jul 2019 06:05:26 GMT" time="110.090" errors="0">
  <testcase name="f" time="43.685" classname="pack1.TESTMEAPP"/>
  <testcase name="f" time="23.299" classname="pack1.TESTMEAPP"/>
  <testcase name="f" time="25.192" classname="pack1.TESTMEAPP"/>
  <testcase name="f" time="17.914" classname="pack1.TESTMEAPP"/>
</testsuite> <!-- pack1.TESTMEAPP -->
