<?xml version="1.0" encoding="UTF-8"?>
<!-- Generated by org.testng.reporters.JUnitReportReporter -->
<testsuite skipped="0" hostname="DDC2-D-42S6N62" name="pack1.handson2" tests="3" failures="0" timestamp="19 Jul 2019 09:15:26 GMT" time="50.818" errors="0">
  <testcase name="f" time="19.186" classname="pack1.handson2"/>
  <testcase name="f" time="22.111" classname="pack1.handson2"/>
  <testcase name="f" time="9.521" classname="pack1.handson2"/>
</testsuite> <!-- pack1.handson2 -->
