<?xml version="1.0" encoding="UTF-8"?>
<!-- Generated by org.testng.reporters.JUnitReportReporter -->
<testsuite skipped="0" hostname="DDC2-D-42S6N62" name="pack1.tc_01" tests="1" failures="0" timestamp="17 Jul 2019 11:46:30 GMT" time="0.019" errors="0">
  <testcase name="f" time="0.019" classname="pack1.tc_01"/>
</testsuite> <!-- pack1.tc_01 -->
