<?xml version="1.0" encoding="UTF-8"?>
<!-- Generated by org.testng.reporters.JUnitReportReporter -->
<testsuite skipped="0" hostname="DDC2-D-42S6N62" name="pack1.testmeactions" tests="1" failures="0" timestamp="18 Jul 2019 12:27:32 GMT" time="38.988" errors="0">
  <testcase name="f" time="38.988" classname="pack1.testmeactions"/>
</testsuite> <!-- pack1.testmeactions -->
