<?xml version="1.0" encoding="UTF-8"?>
<!-- Generated by org.testng.reporters.JUnitReportReporter -->
<testsuite skipped="0" hostname="DDC2-D-42S6N62" name="pack1.demo5handson1" tests="5" failures="0" timestamp="19 Jul 2019 09:43:45 GMT" time="0.024" errors="0">
  <testcase name="method2" time="0.001" classname="pack1.demo5handson1"/>
  <testcase name="method1" time="0.016" classname="pack1.demo5handson1"/>
  <testcase name="method3" time="0.001" classname="pack1.demo5handson1"/>
  <testcase name="method1" time="0.001" classname="pack1.demo5handson1"/>
  <testcase name="method3" time="0.005" classname="pack1.demo5handson1"/>
</testsuite> <!-- pack1.demo5handson1 -->
