<?xml version="1.0" encoding="UTF-8"?>
<!-- Generated by org.testng.reporters.JUnitReportReporter -->
<testsuite skipped="1" hostname="DDC2-D-42S6N62" name="pack1.handson1" tests="3" failures="0" timestamp="19 Jul 2019 08:58:21 GMT" time="0.018" errors="0">
  <testcase name="testgoogle" time="0.017" classname="pack1.handson1"/>
  <testcase name="testtwitter" time="0.001" classname="pack1.handson1"/>
  <testcase name="testfacebook" classname="pack1.handson1">
    <skipped/>
  </testcase> <!-- testfacebook -->
</testsuite> <!-- pack1.handson1 -->
