<?xml version="1.0" encoding="UTF-8"?>
<!-- Generated by org.testng.reporters.JUnitReportReporter -->
<testsuite skipped="0" hostname="DDC2-D-42S6N62" name="pack1.excercise1a" tests="2" failures="0" timestamp="19 Jul 2019 10:43:27 GMT" time="0.137" errors="0">
  <testcase name="tmethod4" time="0.003" classname="pack1.excercise1a"/>
  <testcase name="tmethod3" time="0.134" classname="pack1.excercise1a"/>
</testsuite> <!-- pack1.excercise1a -->
