<?xml version="1.0" encoding="UTF-8"?>
<!-- Generated by org.testng.reporters.JUnitReportReporter -->
<testsuite skipped="1" hostname="DDC2-D-42S6N62" name="pack1.NewTest" tests="4" failures="0" timestamp="17 Jul 2019 11:46:30 GMT" time="0.006" errors="0">
  <testcase name="Login" time="0.002" classname="pack1.NewTest"/>
  <testcase name="Addtocart" time="0.002" classname="pack1.NewTest"/>
  <testcase name="Logout" time="0.002" classname="pack1.NewTest"/>
  <testcase name="Registration" classname="pack1.NewTest">
    <skipped/>
  </testcase> <!-- Registration -->
</testsuite> <!-- pack1.NewTest -->
