<?xml version="1.0" encoding="UTF-8"?>
<!-- Generated by org.testng.reporters.JUnitReportReporter -->
<testsuite skipped="0" hostname="DDC2-D-42S6N62" name="pack1.frames" tests="1" failures="0" timestamp="18 Jul 2019 09:53:53 GMT" time="19.084" errors="0">
  <testcase name="f" time="19.084" classname="pack1.frames"/>
</testsuite> <!-- pack1.frames -->
