<?xml version="1.0" encoding="UTF-8"?>
<!-- Generated by org.testng.reporters.JUnitReportReporter -->
<testsuite skipped="0" hostname="DDC2-D-42S6N62" name="pack1.alert" tests="1" failures="0" timestamp="18 Jul 2019 10:06:21 GMT" time="12.228" errors="0">
  <testcase name="f" time="12.228" classname="pack1.alert"/>
</testsuite> <!-- pack1.alert -->
