<?xml version="1.0" encoding="UTF-8"?>
<!-- Generated by org.testng.reporters.JUnitReportReporter -->
<testsuite skipped="0" hostname="DDC2-D-42S6N62" name="pack1.windowsdemo1" tests="1" failures="0" timestamp="18 Jul 2019 07:08:50 GMT" time="16.222" errors="0">
  <testcase name="f" time="16.222" classname="pack1.windowsdemo1"/>
</testsuite> <!-- pack1.windowsdemo1 -->
