<?xml version="1.0" encoding="UTF-8"?>
<!-- Generated by org.testng.reporters.JUnitReportReporter -->
<testsuite skipped="0" hostname="DDC2-D-42S6N62" name="demo2.demo2.excercise1" tests="3" failures="0" timestamp="19 Jul 2019 12:02:04 GMT" time="0.019" errors="0">
  <testcase name="tmethod2" time="0.005" classname="demo2.demo2.excercise1"/>
  <testcase name="tmethod1" time="0.011" classname="demo2.demo2.excercise1"/>
  <testcase name="tmethod5" time="0.003" classname="demo2.demo2.excercise1"/>
</testsuite> <!-- demo2.demo2.excercise1 -->
