<?xml version="1.0" encoding="UTF-8"?>
<!-- Generated by org.testng.reporters.JUnitReportReporter -->
<testsuite skipped="0" hostname="DDC2-D-42S6N62" name="pack2.exceltest2" tests="1" failures="0" timestamp="22 Jul 2019 09:52:50 GMT" time="0.750" errors="0">
  <testcase name="f" time="0.750" classname="pack2.exceltest2"/>
</testsuite> <!-- pack2.exceltest2 -->
