<?xml version="1.0" encoding="UTF-8"?>
<!-- Generated by org.testng.reporters.JUnitReportReporter -->
<testsuite skipped="0" hostname="DDC2-D-42S6N62" name="pack2.report123" tests="1" failures="0" timestamp="22 Jul 2019 07:01:47 GMT" time="19.921" errors="0">
  <testcase name="f" time="19.921" classname="pack2.report123"/>
</testsuite> <!-- pack2.report123 -->
