<?xml version="1.0" encoding="UTF-8"?>
<!-- Generated by org.testng.reporters.JUnitReportReporter -->
<testsuite skipped="0" hostname="DDC2-D-42S6N62" name="pack2.exceltest" tests="3" failures="0" timestamp="22 Jul 2019 09:54:42 GMT" time="1.226" errors="0">
  <testcase name="readdata" time="0.286" classname="pack2.exceltest"/>
  <testcase name="writedata" time="0.141" classname="pack2.exceltest"/>
  <testcase name="excel" time="0.799" classname="pack2.exceltest"/>
</testsuite> <!-- pack2.exceltest -->
