<?xml version="1.0" encoding="UTF-8"?>
<!-- Generated by org.testng.reporters.JUnitReportReporter -->
<testsuite skipped="0" hostname="DDC2-D-42S6N62" name="casepack.scenario1" tests="3" failures="0" timestamp="23 Jul 2019 06:11:25 GMT" time="16.843" errors="0">
  <testcase name="Login" time="8.795" classname="casepack.scenario1"/>
  <testcase name="testCart" time="2.543" classname="casepack.scenario1"/>
  <testcase name="testpayment" time="5.505" classname="casepack.scenario1"/>
</testsuite> <!-- casepack.scenario1 -->
