<?xml version="1.0" encoding="UTF-8"?>
<!-- Generated by org.testng.reporters.JUnitReportReporter -->
<testsuite skipped="0" hostname="DDC2-D-42S6N62" name="pack2.rd1" tests="1" failures="0" timestamp="22 Jul 2019 07:35:13 GMT" time="68.397" errors="0">
  <testcase name="f" time="68.397" classname="pack2.rd1"/>
</testsuite> <!-- pack2.rd1 -->
