<?xml version="1.0" encoding="UTF-8"?>
<!-- Generated by org.testng.reporters.JUnitReportReporter -->
<testsuite skipped="0" hostname="DDC2-D-42S6N62" name="demo2.demo2.excercise1a" tests="2" failures="0" timestamp="19 Jul 2019 11:14:46 GMT" time="0.048" errors="0">
  <testcase name="tmethod4" time="0.005" classname="demo2.demo2.excercise1a"/>
  <testcase name="tmethod3" time="0.043" classname="demo2.demo2.excercise1a"/>
</testsuite> <!-- demo2.demo2.excercise1a -->
